<html>
<head>
<title>TestNG:  Test</title>
<link href="../testng.css" rel="stylesheet" type="text/css" />
<link href="../my-testng.css" rel="stylesheet" type="text/css" />

<style type="text/css">
.log { display: none;} 
.stack-trace { display: none;} 
</style>
<script type="text/javascript">
<!--
function flip(e) {
  current = e.style.display;
  if (current == 'block') {
    e.style.display = 'none';
    return 0;
  }
  else {
    e.style.display = 'block';
    return 1;
  }
}

function toggleBox(szDivId, elem, msg1, msg2)
{
  var res = -1;  if (document.getElementById) {
    res = flip(document.getElementById(szDivId));
  }
  else if (document.all) {
    // this is the way old msie versions work
    res = flip(document.all[szDivId]);
  }
  if(elem) {
    if(res == 0) elem.innerHTML = msg1; else elem.innerHTML = msg2;
  }

}

function toggleAllBoxes() {
  if (document.getElementsByTagName) {
    d = document.getElementsByTagName('div');
    for (i = 0; i < d.length; i++) {
      if (d[i].className == 'log') {
        flip(d[i]);
      }
    }
  }
}

// -->
</script>

</head>
<body>
<h2 align='center'>Test</h2><table border='1' align="center">
<tr>
<td>Tests passed/Failed/Skipped:</td><td>14/0/1</td>
</tr><tr>
<td>Started on:</td><td>Fri Aug 01 12:53:57 IST 2025</td>
</tr>
<tr><td>Total time:</td><td>104 seconds (104335 ms)</td>
</tr><tr>
<td>Included groups:</td><td></td>
</tr><tr>
<td>Excluded groups:</td><td></td>
</tr>
</table><p/>
<small><i>(Hover the method name to see the test class name)</i></small><p/>
<table width='100%' border='1' class='invocation-passed'>
<tr><td colspan='4' align='center'><b>PASSED TESTS</b></td></tr>
<tr><td><b>Test method</b></td>
<td><b>Attribute(s)</b></td>
<td width="30%"><b>Exception</b></td>
<td width="10%"><b>Time (seconds)</b></td>
<td><b>Instance</b></td>
</tr>
<tr>
<td title='testscript1.LoginTest.verifyUserIsAbleToLoginwithInvalidUsername()'><b>verifyUserIsAbleToLoginwithInvalidUsername</b><br>Test class: testscript1.LoginTest<br>Test method: Verify that an alert is displayed when the user attempts to login with an invalid username and a valid password.</td>
<td></td>
<td>0</td>
<td>testscript1.LoginTest@6933b6c6</td></tr>
<tr>
<td title='testscript1.LoginTest.verifyUserIsAbleToLoginwithInvalidUsernameAndPassword()'><b>verifyUserIsAbleToLoginwithInvalidUsernameAndPassword</b><br>Test class: testscript1.LoginTest<br>Test method: Verify that an alert is displayed when the user attempts to login with both invalid username and invalid password.</td>
<td></td>
<td>0</td>
<td>testscript1.LoginTest@6933b6c6</td></tr>
<tr>
<td title='testscript1.AdminTest.validateUpdateButtonIsEnabled()'><b>validateUpdateButtonIsEnabled</b><br>Test class: testscript1.AdminTest<br>Test method: Verify that the Update button is enabled when editing admin user details.</td>
<td></td>
<td>2</td>
<td>testscript1.AdminTest@4b520ea8</td></tr>
<tr>
<td title='testscript1.ManageFooterTest.validateUpdateButtonIsDisplayed()'><b>validateUpdateButtonIsDisplayed</b><br>Test class: testscript1.ManageFooterTest<br>Test method: Verify that the Update button is displayed when editing footer details.</td>
<td></td>
<td>1</td>
<td>testscript1.ManageFooterTest@626abbd0</td></tr>
<tr>
<td title='testscript1.LoginTest.verifyUserIsAbleToLoginwithInvalidPassword()'><b>verifyUserIsAbleToLoginwithInvalidPassword</b><br>Test class: testscript1.LoginTest<br>Test method: Verify that an alert is displayed when the user attempts to login with a valid username and an invalid password.</td>
<td></td>
<td>0</td>
<td>testscript1.LoginTest@6933b6c6</td></tr>
<tr>
<td title='testscript1.ManageFooterTest.validateUserCanUpdateFooterInfo()'><b>validateUserCanUpdateFooterInfo</b><br>Test class: testscript1.ManageFooterTest<br>Test method: Verify that the user can update footer information including address and email successfully.</td>
<td></td>
<td>1</td>
<td>testscript1.ManageFooterTest@626abbd0</td></tr>
<tr>
<td title='testscript1.LoginTest.verifyUserIsAbleToLoginWithValidCredentials()'><b>verifyUserIsAbleToLoginWithValidCredentials</b><br>Test class: testscript1.LoginTest<br>Test method: Verify that the user is able to log in with valid credentials from the Excel sheet and navigate to the dashboard successfully.</td>
<td></td>
<td>0</td>
<td>testscript1.LoginTest@6933b6c6</td></tr>
<tr>
<td title='testscript1.AdminTest.verifyUserIsAbleToLoginWithValidCredentials()'><b>verifyUserIsAbleToLoginWithValidCredentials</b><br>Test class: testscript1.AdminTest<br>Test method: Verify that a new admin user can be created successfully after valid login.</td>
<td></td>
<td>1</td>
<td>testscript1.AdminTest@4b520ea8</td></tr>
<tr>
<td title='testscript1.LogoutTest.verifyUserIsAbleToLogoutWithSuccessfully()'><b>verifyUserIsAbleToLogoutWithSuccessfully</b><br>Test class: testscript1.LogoutTest<br>Test method: Verify that the user is redirected to the sign-in page after logging out successfully.</td>
<td></td>
<td>1</td>
<td>testscript1.LogoutTest@7dfb0c0f</td></tr>
<tr>
<td title='testscript1.ManageCategoryTest.verifyUserIsAbleToLoginWithValidCredentials()'><b>verifyUserIsAbleToLoginWithValidCredentials</b><br>Test class: testscript1.ManageCategoryTest<br>Test method: Verify that a user can successfully log in and create a new category with an image upload.</td>
<td></td>
<td>1</td>
<td>testscript1.ManageCategoryTest@7d3e8655</td></tr>
<tr>
<td title='testscript1.MnageNewsTest.verifyUserIsabletoAddNews()'><b>verifyUserIsabletoAddNews</b><br>Test class: testscript1.MnageNewsTest<br>Test method: Verify that the user is able to add a news item and a success alert is displayed.</td>
<td></td>
<td>1</td>
<td>testscript1.MnageNewsTest@1f9e9475</td></tr>
<tr>
<td title='testscript1.AdminTest.verifyAlertIsDisplayedAfterUpdate()'><b>verifyAlertIsDisplayedAfterUpdate</b><br>Test class: testscript1.AdminTest<br>Test method: Verify that an alert is displayed after successfully updating admin user details.</td>
<td></td>
<td>2</td>
<td>testscript1.AdminTest@4b520ea8</td></tr>
<tr>
<td title='testscript1.ManageContactTest.validateAdminIsAbleToUpdateManageContact()'><b>validateAdminIsAbleToUpdateManageContact</b><br>Test class: testscript1.ManageContactTest<br>Test method: Verify that the admin is able to update contact details in the Manage Contact section successfully.</td>
<td></td>
<td>1</td>
<td>testscript1.ManageContactTest@169bb4dd</td></tr>
<tr>
<td title='testscript1.AdminTest.verifyAdminCanUpdateField()'><b>verifyAdminCanUpdateField</b><br>Test class: testscript1.AdminTest<br>Test method: Verify that the admin can update an existing user's details successfully.</td>
<td></td>
<td>2</td>
<td>testscript1.AdminTest@4b520ea8</td></tr>
</table><p>
<table width='100%' border='1' class='invocation-skipped'>
<tr><td colspan='4' align='center'><b>SKIPPED TESTS</b></td></tr>
<tr><td><b>Test method</b></td>
<td><b>Attribute(s)</b></td>
<td width="30%"><b>Exception</b></td>
<td width="10%"><b>Time (seconds)</b></td>
<td><b>Instance</b></td>
</tr>
<tr>
<td title='testscript1.AdminTest.verifyUserIsAbleToLoginWithValidCredentials()'><b>verifyUserIsAbleToLoginWithValidCredentials</b><br>Test class: testscript1.AdminTest<br>Test method: Verify that a new admin user can be created successfully after valid login.</td>
<td><div><pre>org.openqa.selenium.NoSuchElementException: no such element: Unable to locate element: {&quot;method&quot;:&quot;xpath&quot;,&quot;selector&quot;:&quot;//div[@class=&apos;alert alert-success alert-dismissible&apos;]&quot;}
  (Session info: chrome=138.0.7204.169)
For documentation on this error, please visit: https://www.selenium.dev/documentation/webdriver/troubleshooting/errors#no-such-element-exception
Build info: version: &apos;4.28.1&apos;, revision: &apos;73f5ad48a2&apos;
System info: os.name: &apos;Windows 11&apos;, os.arch: &apos;amd64&apos;, os.version: &apos;10.0&apos;, java.version: &apos;17.0.12&apos;
Driver info: org.openqa.selenium.chrome.ChromeDriver
Command: [95f47fd7f3acd254e1d6ba48bc27f036, findElement {value=//div[@class=&apos;alert alert-success alert-dismissible&apos;], using=xpath}]
Capabilities {acceptInsecureCerts: false, browserName: chrome, browserVersion: 138.0.7204.169, chrome: {chromedriverVersion: 138.0.7204.183 (e90faf484dd..., userDataDir: C:\Users\hp\AppData\Local\T...}, fedcm:accounts: true, goog:chromeOptions: {debuggerAddress: localhost:58520}, networkConnectionEnabled: false, pageLoadStrategy: normal, platformName: windows, proxy: Proxy(), se:cdp: ws://localhost:58520/devtoo..., se:cdpVersion: 138.0.7204.169, setWindowRect: true, strictFileInteractability: false, timeouts: {implicit: 0, pageLoad: 300000, script: 30000}, unhandledPromptBehavior: dismiss and notify, webauthn:extension:credBlob: true, webauthn:extension:largeBlob: true, webauthn:extension:minPinLength: true, webauthn:extension:prf: true, webauthn:virtualAuthenticators: true}
Session ID: 95f47fd7f3acd254e1d6ba48bc27f036
	at org.openqa.selenium.remote.ErrorCodec.decode(ErrorCodec.java:167)
	at org.openqa.selenium.remote.codec.w3c.W3CHttpResponseCodec.decode(W3CHttpResponseCodec.java:138)
	at org.openqa.selenium.remote.codec.w3c.W3CHttpResponseCodec.decode(W3CHttpResponseCodec.java:50)
	at org.openqa.selenium.remote.HttpCommandExecutor.execute(HttpCommandExecutor.java:215)
	at org.openqa.selenium.remote.service.DriverCommandExecutor.invokeExecute(DriverCommandExecutor.java:216)
	at org.openqa.selenium.remote.service.DriverCommandExecutor.execute(DriverCommandExecutor.java:174)
	at org.openqa.selenium.remote.RemoteWebDriver.execute(RemoteWebDriver.java:545)
	at org.openqa.selenium.remote.ElementLocation$ElementFinder$2.findElement(ElementLocation.java:165)
	at org.openqa.selenium.remote.ElementLocation.findElement(ElementLocation.java:59)
	at org.openqa.selenium.remote.RemoteWebDriver.findElement(RemoteWebDriver.java:368)
	at org.openqa.selenium.remote.RemoteWebDriver.findElement(RemoteWebDriver.java:362)
	at org.openqa.selenium.support.pagefactory.DefaultElementLocator.findElement(DefaultElementLocator.java:68)
	at org.openqa.selenium.support.pagefactory.internal.LocatingElementHandler.invoke(LocatingElementHandler.java:38)
	at jdk.proxy2/jdk.proxy2.$Proxy18.isDisplayed(Unknown Source)
	at pages.AdminPage.alertIsDisplayed(AdminPage.java:86)
	at testscript1.AdminTest.verifyUserIsAbleToLoginWithValidCredentials(AdminTest.java:39)
	at java.base/java.util.ArrayList.forEach(ArrayList.java:1511)
... Removed 32 stack frames</pre></div><a href='#' onClick='toggleBox("stack-trace1500516996", this, "Click to show all stack frames", "Click to hide stack frames")'>Click to show all stack frames</a>
<div class='stack-trace' id='stack-trace1500516996'><pre>org.openqa.selenium.NoSuchElementException: no such element: Unable to locate element: {&quot;method&quot;:&quot;xpath&quot;,&quot;selector&quot;:&quot;//div[@class=&apos;alert alert-success alert-dismissible&apos;]&quot;}
  (Session info: chrome=138.0.7204.169)
For documentation on this error, please visit: https://www.selenium.dev/documentation/webdriver/troubleshooting/errors#no-such-element-exception
Build info: version: &apos;4.28.1&apos;, revision: &apos;73f5ad48a2&apos;
System info: os.name: &apos;Windows 11&apos;, os.arch: &apos;amd64&apos;, os.version: &apos;10.0&apos;, java.version: &apos;17.0.12&apos;
Driver info: org.openqa.selenium.chrome.ChromeDriver
Command: [95f47fd7f3acd254e1d6ba48bc27f036, findElement {value=//div[@class=&apos;alert alert-success alert-dismissible&apos;], using=xpath}]
Capabilities {acceptInsecureCerts: false, browserName: chrome, browserVersion: 138.0.7204.169, chrome: {chromedriverVersion: 138.0.7204.183 (e90faf484dd..., userDataDir: C:\Users\hp\AppData\Local\T...}, fedcm:accounts: true, goog:chromeOptions: {debuggerAddress: localhost:58520}, networkConnectionEnabled: false, pageLoadStrategy: normal, platformName: windows, proxy: Proxy(), se:cdp: ws://localhost:58520/devtoo..., se:cdpVersion: 138.0.7204.169, setWindowRect: true, strictFileInteractability: false, timeouts: {implicit: 0, pageLoad: 300000, script: 30000}, unhandledPromptBehavior: dismiss and notify, webauthn:extension:credBlob: true, webauthn:extension:largeBlob: true, webauthn:extension:minPinLength: true, webauthn:extension:prf: true, webauthn:virtualAuthenticators: true}
Session ID: 95f47fd7f3acd254e1d6ba48bc27f036
	at java.base/jdk.internal.reflect.NativeConstructorAccessorImpl.newInstance0(Native Method)
	at java.base/jdk.internal.reflect.NativeConstructorAccessorImpl.newInstance(NativeConstructorAccessorImpl.java:77)
	at java.base/jdk.internal.reflect.DelegatingConstructorAccessorImpl.newInstance(DelegatingConstructorAccessorImpl.java:45)
	at java.base/java.lang.reflect.Constructor.newInstanceWithCaller(Constructor.java:499)
	at java.base/java.lang.reflect.Constructor.newInstance(Constructor.java:480)
	at org.openqa.selenium.remote.ErrorCodec.decode(ErrorCodec.java:167)
	at org.openqa.selenium.remote.codec.w3c.W3CHttpResponseCodec.decode(W3CHttpResponseCodec.java:138)
	at org.openqa.selenium.remote.codec.w3c.W3CHttpResponseCodec.decode(W3CHttpResponseCodec.java:50)
	at org.openqa.selenium.remote.HttpCommandExecutor.execute(HttpCommandExecutor.java:215)
	at org.openqa.selenium.remote.service.DriverCommandExecutor.invokeExecute(DriverCommandExecutor.java:216)
	at org.openqa.selenium.remote.service.DriverCommandExecutor.execute(DriverCommandExecutor.java:174)
	at org.openqa.selenium.remote.RemoteWebDriver.execute(RemoteWebDriver.java:545)
	at org.openqa.selenium.remote.ElementLocation$ElementFinder$2.findElement(ElementLocation.java:165)
	at org.openqa.selenium.remote.ElementLocation.findElement(ElementLocation.java:59)
	at org.openqa.selenium.remote.RemoteWebDriver.findElement(RemoteWebDriver.java:368)
	at org.openqa.selenium.remote.RemoteWebDriver.findElement(RemoteWebDriver.java:362)
	at org.openqa.selenium.support.pagefactory.DefaultElementLocator.findElement(DefaultElementLocator.java:68)
	at org.openqa.selenium.support.pagefactory.internal.LocatingElementHandler.invoke(LocatingElementHandler.java:38)
	at jdk.proxy2/jdk.proxy2.$Proxy18.isDisplayed(Unknown Source)
	at pages.AdminPage.alertIsDisplayed(AdminPage.java:86)
	at testscript1.AdminTest.verifyUserIsAbleToLoginWithValidCredentials(AdminTest.java:39)
	at java.base/jdk.internal.reflect.NativeMethodAccessorImpl.invoke0(Native Method)
	at java.base/jdk.internal.reflect.NativeMethodAccessorImpl.invoke(NativeMethodAccessorImpl.java:77)
	at java.base/jdk.internal.reflect.DelegatingMethodAccessorImpl.invoke(DelegatingMethodAccessorImpl.java:43)
	at java.base/java.lang.reflect.Method.invoke(Method.java:568)
	at org.testng.internal.invokers.MethodInvocationHelper.invokeMethod(MethodInvocationHelper.java:139)
	at org.testng.internal.invokers.TestInvoker.invokeMethod(TestInvoker.java:664)
	at org.testng.internal.invokers.TestInvoker.invokeTestMethod(TestInvoker.java:227)
	at org.testng.internal.invokers.MethodRunner.runInSequence(MethodRunner.java:50)
	at org.testng.internal.invokers.TestInvoker$MethodInvocationAgent.invoke(TestInvoker.java:957)
	at org.testng.internal.invokers.TestInvoker.invokeTestMethods(TestInvoker.java:200)
	at org.testng.internal.invokers.TestMethodWorker.invokeTestMethods(TestMethodWorker.java:148)
	at org.testng.internal.invokers.TestMethodWorker.run(TestMethodWorker.java:128)
	at java.base/java.util.ArrayList.forEach(ArrayList.java:1511)
	at org.testng.TestRunner.privateRun(TestRunner.java:848)
	at org.testng.TestRunner.run(TestRunner.java:621)
	at org.testng.SuiteRunner.runTest(SuiteRunner.java:443)
	at org.testng.SuiteRunner.runSequentially(SuiteRunner.java:437)
	at org.testng.SuiteRunner.privateRun(SuiteRunner.java:397)
	at org.testng.SuiteRunner.run(SuiteRunner.java:336)
	at org.testng.SuiteRunnerWorker.runSuite(SuiteRunnerWorker.java:52)
	at org.testng.SuiteRunnerWorker.run(SuiteRunnerWorker.java:95)
	at org.testng.TestNG.runSuitesSequentially(TestNG.java:1280)
	at org.testng.TestNG.runSuitesLocally(TestNG.java:1200)
	at org.testng.TestNG.runSuites(TestNG.java:1114)
	at org.testng.TestNG.run(TestNG.java:1082)
	at org.testng.remote.AbstractRemoteTestNG.run(AbstractRemoteTestNG.java:115)
	at org.testng.remote.RemoteTestNG.initAndRun(RemoteTestNG.java:293)
	at org.testng.remote.RemoteTestNG.main(RemoteTestNG.java:91)
</pre></div></td>
<td>11</td>
<td>testscript1.AdminTest@4b520ea8</td></tr>
</table><p>
</body>
</html>